2025-12-30 14:44:46,992 INFO o.a.j.u.JMeterUtils: Setting Locale to en_EN
2025-12-30 14:44:47,031 INFO o.a.j.JMeter: Loading user properties from: C:\work\tools\apache-jmeter-5.6.3\bin\user.properties
2025-12-30 14:44:47,036 INFO o.a.j.JMeter: Loading system properties from: C:\work\tools\apache-jmeter-5.6.3\bin\system.properties
2025-12-30 14:44:47,048 INFO o.a.j.JMeter: Copyright (c) 1998-2024 The Apache Software Foundation
2025-12-30 14:44:47,048 INFO o.a.j.JMeter: Version 5.6.3
2025-12-30 14:44:47,048 INFO o.a.j.JMeter: java.version=21.0.9
2025-12-30 14:44:47,048 INFO o.a.j.JMeter: java.vm.name=OpenJDK 64-Bit Server VM
2025-12-30 14:44:47,048 INFO o.a.j.JMeter: os.name=Windows 11
2025-12-30 14:44:47,048 INFO o.a.j.JMeter: os.arch=amd64
2025-12-30 14:44:47,049 INFO o.a.j.JMeter: os.version=10.0
2025-12-30 14:44:47,049 INFO o.a.j.JMeter: file.encoding=UTF-8
2025-12-30 14:44:47,049 INFO o.a.j.JMeter: java.awt.headless=true
2025-12-30 14:44:47,049 INFO o.a.j.JMeter: Max memory     =1073741824
2025-12-30 14:44:47,049 INFO o.a.j.JMeter: Available Processors =12
2025-12-30 14:44:47,068 INFO o.a.j.JMeter: Default Locale=English (EN)
2025-12-30 14:44:47,069 INFO o.a.j.JMeter: JMeter  Locale=English (EN)
2025-12-30 14:44:47,069 INFO o.a.j.JMeter: JMeterHome=C:\work\tools\apache-jmeter-5.6.3
2025-12-30 14:44:47,069 INFO o.a.j.JMeter: user.dir  =C:\work\source\java\s5-netology-threading
2025-12-30 14:44:47,070 INFO o.a.j.JMeter: PWD       =C:\work\source\java\s5-netology-threading
2025-12-30 14:44:47,090 INFO o.a.j.JMeter: IP: 10.8.0.13 Name: nitro-onii-chan FullName: 10.8.0.13
2025-12-30 14:44:47,120 INFO o.a.j.JMeter: Setting property 'jmeter.reportgenerator.outputdir' to:'C:\work\source\java\s5-netology-threading\report'
2025-12-30 14:44:47,126 INFO o.a.j.s.FileServer: Default base='C:\work\source\java\s5-netology-threading'
2025-12-30 14:44:47,131 INFO o.a.j.s.FileServer: Set new base='C:\work\source\java\s5-netology-threading\load_tests'
2025-12-30 14:44:47,534 INFO o.a.j.s.SaveService: Testplan (JMX) version: 2.2. Testlog (JTL) version: 2.2
2025-12-30 14:44:47,611 INFO o.a.j.s.SaveService: Using SaveService properties version 5.0
2025-12-30 14:44:47,619 INFO o.a.j.s.SaveService: Using SaveService properties file encoding UTF-8
2025-12-30 14:44:47,627 INFO o.a.j.s.SaveService: Loading file: load_tests\vacancy_load_tests.jmx
2025-12-30 14:44:47,768 INFO o.a.j.p.h.s.HTTPSamplerBase: Parser for text/html is org.apache.jmeter.protocol.http.parser.LagartoBasedHtmlParser
2025-12-30 14:44:47,768 INFO o.a.j.p.h.s.HTTPSamplerBase: Parser for application/xhtml+xml is org.apache.jmeter.protocol.http.parser.LagartoBasedHtmlParser
2025-12-30 14:44:47,768 INFO o.a.j.p.h.s.HTTPSamplerBase: Parser for application/xml is org.apache.jmeter.protocol.http.parser.LagartoBasedHtmlParser
2025-12-30 14:44:47,768 INFO o.a.j.p.h.s.HTTPSamplerBase: Parser for text/xml is org.apache.jmeter.protocol.http.parser.LagartoBasedHtmlParser
2025-12-30 14:44:47,768 INFO o.a.j.p.h.s.HTTPSamplerBase: Parser for text/vnd.wap.wml is org.apache.jmeter.protocol.http.parser.RegexpHTMLParser
2025-12-30 14:44:47,768 INFO o.a.j.p.h.s.HTTPSamplerBase: Parser for text/css is org.apache.jmeter.protocol.http.parser.CssParser
2025-12-30 14:44:47,855 INFO o.a.j.JMeter: Creating summariser <summary>
2025-12-30 14:44:47,865 INFO o.a.j.r.d.ReportGenerator: ReportGenerator will use for Parsing the separator: ','
2025-12-30 14:44:47,865 INFO o.a.j.r.d.ReportGenerator: Will generate report at end of test from  results file: results.jtl
2025-12-30 14:44:47,865 INFO o.a.j.r.d.ReportGenerator: Reading report generator properties from: C:\work\tools\apache-jmeter-5.6.3\bin\reportgenerator.properties
2025-12-30 14:44:47,867 INFO o.a.j.r.d.ReportGenerator: Merging with JMeter properties
2025-12-30 14:44:47,875 INFO o.a.j.r.c.ReportGeneratorConfiguration: Property 'jmeter.reportgenerator.temp_dir' not found, using default value 'temp' instead.
2025-12-30 14:44:47,881 INFO o.a.j.r.c.ReportGeneratorConfiguration: Property 'jmeter.reportgenerator.apdex_per_transaction' not found, using default value 'null' instead.
2025-12-30 14:44:47,882 INFO o.a.j.r.c.ReportGeneratorConfiguration: apdex_per_transaction is empty, not APDEX per transaction customization
2025-12-30 14:44:47,882 INFO o.a.j.r.c.ReportGeneratorConfiguration: Property 'jmeter.reportgenerator.sample_filter' not found, using default value 'null' instead.
2025-12-30 14:44:47,882 INFO o.a.j.r.c.ReportGeneratorConfiguration: Property 'jmeter.reportgenerator.report_title' not found, using default value 'null' instead.
2025-12-30 14:44:47,883 INFO o.a.j.r.c.ReportGeneratorConfiguration: Property 'jmeter.reportgenerator.start_date' not found, using default value 'null' instead.
2025-12-30 14:44:47,883 INFO o.a.j.r.c.ReportGeneratorConfiguration: Property 'jmeter.reportgenerator.end_date' not found, using default value 'null' instead.
2025-12-30 14:44:47,883 INFO o.a.j.r.c.ReportGeneratorConfiguration: Property 'jmeter.reportgenerator.date_format' not found, using default value 'null' instead.
2025-12-30 14:44:47,884 INFO o.a.j.r.c.ReportGeneratorConfiguration: Will use date range start date: null, end date: null
2025-12-30 14:44:47,898 INFO o.a.j.r.c.ReportGeneratorConfiguration: Property 'jmeter.reportgenerator.graph.totalTPS.exclude_controllers' not found, using default value 'false' instead.
2025-12-30 14:44:47,899 INFO o.a.j.r.c.ReportGeneratorConfiguration: Property 'jmeter.reportgenerator.graph.activeThreadsOverTime.exclude_controllers' not found, using default value 'false' instead.
2025-12-30 14:44:47,899 INFO o.a.j.r.c.ReportGeneratorConfiguration: Property 'jmeter.reportgenerator.graph.timeVsThreads.exclude_controllers' not found, using default value 'false' instead.
2025-12-30 14:44:47,899 INFO o.a.j.r.c.ReportGeneratorConfiguration: Property 'jmeter.reportgenerator.graph.responseTimeDistribution.exclude_controllers' not found, using default value 'false' instead.
2025-12-30 14:44:47,900 INFO o.a.j.r.c.ReportGeneratorConfiguration: Property 'jmeter.reportgenerator.graph.transactionsPerSecond.exclude_controllers' not found, using default value 'false' instead.
2025-12-30 14:44:47,900 INFO o.a.j.r.c.ReportGeneratorConfiguration: Property 'jmeter.reportgenerator.graph.responseTimePercentiles.exclude_controllers' not found, using default value 'false' instead.
2025-12-30 14:44:47,900 INFO o.a.j.r.c.ReportGeneratorConfiguration: Property 'jmeter.reportgenerator.graph.responseTimePercentilesOverTime.exclude_controllers' not found, using default value 'false' instead.
2025-12-30 14:44:47,900 INFO o.a.j.r.c.ReportGeneratorConfiguration: Property 'jmeter.reportgenerator.graph.responseTimesOverTime.exclude_controllers' not found, using default value 'false' instead.
2025-12-30 14:44:47,902 INFO o.a.j.r.c.ReportGeneratorConfiguration: Property 'jmeter.reportgenerator.graph.connectTimeOverTime.exclude_controllers' not found, using default value 'false' instead.
2025-12-30 14:44:47,902 INFO o.a.j.r.c.ReportGeneratorConfiguration: Property 'jmeter.reportgenerator.graph.latenciesOverTime.exclude_controllers' not found, using default value 'false' instead.
2025-12-30 14:44:47,904 INFO o.a.j.r.c.ReportGeneratorConfiguration: Property 'jmeter.reportgenerator.exporter.json.filters_only_sample_series' not found, using default value 'true' instead.
2025-12-30 14:44:47,905 INFO o.a.j.r.c.ReportGeneratorConfiguration: Property 'jmeter.reportgenerator.exporter.json.series_filter' not found, using default value '' instead.
2025-12-30 14:44:47,905 INFO o.a.j.r.c.ReportGeneratorConfiguration: Property 'jmeter.reportgenerator.exporter.json.show_controllers_only' not found, using default value 'false' instead.
2025-12-30 14:44:47,905 INFO o.a.j.r.c.ReportGeneratorConfiguration: Property 'jmeter.reportgenerator.exporter.html.filters_only_sample_series' not found, using default value 'true' instead.
2025-12-30 14:44:47,905 INFO o.a.j.r.c.ReportGeneratorConfiguration: Property 'jmeter.reportgenerator.exporter.html.series_filter' not found, using default value '' instead.
2025-12-30 14:44:47,905 INFO o.a.j.r.c.ReportGeneratorConfiguration: Property 'jmeter.reportgenerator.exporter.html.show_controllers_only' not found, using default value 'false' instead.
2025-12-30 14:44:47,945 INFO o.a.j.e.StandardJMeterEngine: Running the test!
2025-12-30 14:44:47,947 INFO o.a.j.s.SampleEvent: List of sample_variables: []
2025-12-30 14:44:47,947 INFO o.a.j.s.SampleEvent: List of sample_variables: []
2025-12-30 14:44:47,959 INFO o.a.j.e.u.CompoundVariable: Note: Function class names must contain the string: '.functions.'
2025-12-30 14:44:47,959 INFO o.a.j.e.u.CompoundVariable: Note: Function class names must not contain the string: '.gui.'
2025-12-30 14:44:48,146 INFO o.a.j.JMeter: Running test (1767095088146)
2025-12-30 14:44:48,179 INFO o.a.j.e.StandardJMeterEngine: Starting ThreadGroup: 1 : Load Test Thread Group
2025-12-30 14:44:48,180 INFO o.a.j.e.StandardJMeterEngine: Starting 50 threads for group Load Test Thread Group.
2025-12-30 14:44:48,180 INFO o.a.j.e.StandardJMeterEngine: Thread will continue on error
2025-12-30 14:44:48,180 INFO o.a.j.t.ThreadGroup: Starting thread group... number=1 threads=50 ramp-up=10 delayedStart=false
2025-12-30 14:44:48,198 INFO o.a.j.t.JMeterThread: Thread started: Load Test Thread Group 1-1
2025-12-30 14:44:48,233 INFO o.a.j.t.ThreadGroup: Started thread group number 1
2025-12-30 14:44:48,234 INFO o.a.j.e.StandardJMeterEngine: All thread groups have been started
2025-12-30 14:44:48,267 INFO o.a.j.p.h.s.HTTPHCAbstractImpl: Local host = nitro-onii-chan
2025-12-30 14:44:48,280 INFO o.a.j.p.h.s.HTTPHC4Impl: HTTP request retry count = 0
2025-12-30 14:44:48,282 INFO o.a.j.s.SampleResult: Note: Sample TimeStamps are START times
2025-12-30 14:44:48,283 INFO o.a.j.s.SampleResult: sampleresult.default.encoding is set to UTF-8
2025-12-30 14:44:48,283 INFO o.a.j.s.SampleResult: sampleresult.useNanoTime=true
2025-12-30 14:44:48,283 INFO o.a.j.s.SampleResult: sampleresult.nanoThreadSleep=5000
2025-12-30 14:44:48,391 INFO o.a.j.t.JMeterThread: Thread started: Load Test Thread Group 1-2
2025-12-30 14:44:48,588 INFO o.a.j.t.JMeterThread: Thread started: Load Test Thread Group 1-3
2025-12-30 14:44:48,787 INFO o.a.j.t.JMeterThread: Thread started: Load Test Thread Group 1-4
2025-12-30 14:44:48,988 INFO o.a.j.t.JMeterThread: Thread started: Load Test Thread Group 1-5
2025-12-30 14:44:49,189 INFO o.a.j.t.JMeterThread: Thread started: Load Test Thread Group 1-6
2025-12-30 14:44:49,390 INFO o.a.j.t.JMeterThread: Thread started: Load Test Thread Group 1-7
2025-12-30 14:44:49,591 INFO o.a.j.t.JMeterThread: Thread started: Load Test Thread Group 1-8
2025-12-30 14:44:49,786 INFO o.a.j.t.JMeterThread: Thread started: Load Test Thread Group 1-9
2025-12-30 14:44:49,988 INFO o.a.j.t.JMeterThread: Thread started: Load Test Thread Group 1-10
2025-12-30 14:44:50,188 INFO o.a.j.t.JMeterThread: Thread started: Load Test Thread Group 1-11
2025-12-30 14:44:50,405 INFO o.a.j.t.JMeterThread: Thread started: Load Test Thread Group 1-12
2025-12-30 14:44:50,586 INFO o.a.j.t.JMeterThread: Thread started: Load Test Thread Group 1-13
2025-12-30 14:44:50,785 INFO o.a.j.t.JMeterThread: Thread started: Load Test Thread Group 1-14
2025-12-30 14:44:50,988 INFO o.a.j.t.JMeterThread: Thread started: Load Test Thread Group 1-15
2025-12-30 14:44:51,257 INFO o.a.j.t.JMeterThread: Thread started: Load Test Thread Group 1-16
2025-12-30 14:44:51,382 INFO o.a.j.t.JMeterThread: Thread started: Load Test Thread Group 1-17
2025-12-30 14:44:51,587 INFO o.a.j.t.JMeterThread: Thread started: Load Test Thread Group 1-18
2025-12-30 14:44:51,861 INFO o.a.j.t.JMeterThread: Thread started: Load Test Thread Group 1-19
2025-12-30 14:44:52,002 INFO o.a.j.t.JMeterThread: Thread started: Load Test Thread Group 1-20
2025-12-30 14:44:52,192 INFO o.a.j.t.JMeterThread: Thread started: Load Test Thread Group 1-21
2025-12-30 14:44:52,392 INFO o.a.j.t.JMeterThread: Thread started: Load Test Thread Group 1-22
2025-12-30 14:44:52,613 INFO o.a.j.t.JMeterThread: Thread started: Load Test Thread Group 1-23
2025-12-30 14:44:52,799 INFO o.a.j.t.JMeterThread: Thread started: Load Test Thread Group 1-24
2025-12-30 14:44:52,998 INFO o.a.j.t.JMeterThread: Thread started: Load Test Thread Group 1-25
2025-12-30 14:44:53,196 INFO o.a.j.t.JMeterThread: Thread started: Load Test Thread Group 1-26
2025-12-30 14:44:53,390 INFO o.a.j.t.JMeterThread: Thread started: Load Test Thread Group 1-27
2025-12-30 14:44:53,601 INFO o.a.j.t.JMeterThread: Thread started: Load Test Thread Group 1-28
2025-12-30 14:44:53,929 INFO o.a.j.t.JMeterThread: Thread started: Load Test Thread Group 1-29
2025-12-30 14:44:54,018 INFO o.a.j.t.JMeterThread: Thread started: Load Test Thread Group 1-30
2025-12-30 14:44:54,193 INFO o.a.j.t.JMeterThread: Thread started: Load Test Thread Group 1-31
2025-12-30 14:44:54,392 INFO o.a.j.t.JMeterThread: Thread started: Load Test Thread Group 1-32
2025-12-30 14:44:54,587 INFO o.a.j.t.JMeterThread: Thread started: Load Test Thread Group 1-33
2025-12-30 14:44:54,788 INFO o.a.j.t.JMeterThread: Thread started: Load Test Thread Group 1-34
2025-12-30 14:44:54,989 INFO o.a.j.t.JMeterThread: Thread started: Load Test Thread Group 1-35
2025-12-30 14:44:55,190 INFO o.a.j.t.JMeterThread: Thread started: Load Test Thread Group 1-36
2025-12-30 14:44:55,393 INFO o.a.j.t.JMeterThread: Thread started: Load Test Thread Group 1-37
2025-12-30 14:44:55,717 INFO o.a.j.t.JMeterThread: Thread started: Load Test Thread Group 1-38
2025-12-30 14:44:55,801 INFO o.a.j.t.JMeterThread: Thread started: Load Test Thread Group 1-39
2025-12-30 14:44:55,989 INFO o.a.j.t.JMeterThread: Thread started: Load Test Thread Group 1-40
2025-12-30 14:44:56,199 INFO o.a.j.t.JMeterThread: Thread started: Load Test Thread Group 1-41
2025-12-30 14:44:56,405 INFO o.a.j.t.JMeterThread: Thread started: Load Test Thread Group 1-42
2025-12-30 14:44:56,587 INFO o.a.j.t.JMeterThread: Thread started: Load Test Thread Group 1-43
2025-12-30 14:44:56,796 INFO o.a.j.t.JMeterThread: Thread started: Load Test Thread Group 1-44
2025-12-30 14:44:57,051 INFO o.a.j.t.JMeterThread: Thread started: Load Test Thread Group 1-45
2025-12-30 14:44:57,182 INFO o.a.j.t.JMeterThread: Thread started: Load Test Thread Group 1-46
2025-12-30 14:44:57,387 INFO o.a.j.t.JMeterThread: Thread started: Load Test Thread Group 1-47
2025-12-30 14:44:57,588 INFO o.a.j.t.JMeterThread: Thread started: Load Test Thread Group 1-48
2025-12-30 14:44:57,809 INFO o.a.j.t.JMeterThread: Thread started: Load Test Thread Group 1-49
2025-12-30 14:44:57,983 INFO o.a.j.t.JMeterThread: Thread started: Load Test Thread Group 1-50
2025-12-30 14:45:00,039 INFO o.a.j.r.Summariser: summary +     85 in 00:00:12 =    7.2/s Avg:  1522 Min:     2 Max:  9338 Err:     0 (0.00%) Active: 50 Started: 50 Finished: 0
2025-12-30 14:45:30,341 INFO o.a.j.r.Summariser: summary +    140 in 00:00:30 =    4.6/s Avg:  8568 Min:     1 Max: 23393 Err:     0 (0.00%) Active: 50 Started: 50 Finished: 0
2025-12-30 14:45:30,343 INFO o.a.j.r.Summariser: summary =    225 in 00:00:42 =    5.3/s Avg:  5906 Min:     1 Max: 23393 Err:     0 (0.00%)
2025-12-30 14:45:48,678 INFO o.a.j.t.JMeterThread: Stopping because end time detected by thread: Load Test Thread Group 1-37
2025-12-30 14:45:48,678 INFO o.a.j.t.JMeterThread: Thread finished: Load Test Thread Group 1-37
2025-12-30 14:45:48,792 INFO o.a.j.t.JMeterThread: Stopping because end time detected by thread: Load Test Thread Group 1-34
2025-12-30 14:45:48,793 INFO o.a.j.t.JMeterThread: Thread finished: Load Test Thread Group 1-34
2025-12-30 14:45:49,157 INFO o.a.j.t.JMeterThread: Stopping because end time detected by thread: Load Test Thread Group 1-7
2025-12-30 14:45:49,157 INFO o.a.j.t.JMeterThread: Thread finished: Load Test Thread Group 1-7
2025-12-30 14:45:49,157 INFO o.a.j.t.JMeterThread: Stopping because end time detected by thread: Load Test Thread Group 1-36
2025-12-30 14:45:49,162 INFO o.a.j.t.JMeterThread: Thread finished: Load Test Thread Group 1-36
2025-12-30 14:45:49,521 INFO o.a.j.t.JMeterThread: Stopping because end time detected by thread: Load Test Thread Group 1-5
2025-12-30 14:45:49,521 INFO o.a.j.t.JMeterThread: Thread finished: Load Test Thread Group 1-5
2025-12-30 14:45:49,659 INFO o.a.j.t.JMeterThread: Stopping because end time detected by thread: Load Test Thread Group 1-1
2025-12-30 14:45:49,660 INFO o.a.j.t.JMeterThread: Thread finished: Load Test Thread Group 1-1
2025-12-30 14:45:50,004 INFO o.a.j.t.JMeterThread: Stopping because end time detected by thread: Load Test Thread Group 1-38
2025-12-30 14:45:50,004 INFO o.a.j.t.JMeterThread: Thread finished: Load Test Thread Group 1-38
2025-12-30 14:45:50,463 INFO o.a.j.t.JMeterThread: Stopping because end time detected by thread: Load Test Thread Group 1-9
2025-12-30 14:45:50,463 INFO o.a.j.t.JMeterThread: Thread finished: Load Test Thread Group 1-9
2025-12-30 14:45:50,662 INFO o.a.j.t.JMeterThread: Stopping because end time detected by thread: Load Test Thread Group 1-8
2025-12-30 14:45:50,662 INFO o.a.j.t.JMeterThread: Thread finished: Load Test Thread Group 1-8
2025-12-30 14:45:50,789 INFO o.a.j.t.JMeterThread: Stopping because end time detected by thread: Load Test Thread Group 1-2
2025-12-30 14:45:50,789 INFO o.a.j.t.JMeterThread: Thread finished: Load Test Thread Group 1-2
2025-12-30 14:45:52,424 INFO o.a.j.t.JMeterThread: Stopping because end time detected by thread: Load Test Thread Group 1-44
2025-12-30 14:45:52,424 INFO o.a.j.t.JMeterThread: Thread finished: Load Test Thread Group 1-44
2025-12-30 14:45:52,504 INFO o.a.j.t.JMeterThread: Stopping because end time detected by thread: Load Test Thread Group 1-4
2025-12-30 14:45:52,504 INFO o.a.j.t.JMeterThread: Thread finished: Load Test Thread Group 1-4
2025-12-30 14:45:53,184 INFO o.a.j.t.JMeterThread: Stopping because end time detected by thread: Load Test Thread Group 1-40
2025-12-30 14:45:53,184 INFO o.a.j.t.JMeterThread: Thread finished: Load Test Thread Group 1-40
2025-12-30 14:45:53,311 INFO o.a.j.t.JMeterThread: Stopping because end time detected by thread: Load Test Thread Group 1-41
2025-12-30 14:45:53,312 INFO o.a.j.t.JMeterThread: Thread finished: Load Test Thread Group 1-41
2025-12-30 14:45:53,687 INFO o.a.j.t.JMeterThread: Stopping because end time detected by thread: Load Test Thread Group 1-42
2025-12-30 14:45:53,688 INFO o.a.j.t.JMeterThread: Thread finished: Load Test Thread Group 1-42
2025-12-30 14:45:53,729 INFO o.a.j.t.JMeterThread: Stopping because end time detected by thread: Load Test Thread Group 1-43
2025-12-30 14:45:53,730 INFO o.a.j.t.JMeterThread: Thread finished: Load Test Thread Group 1-43
2025-12-30 14:45:54,302 INFO o.a.j.t.JMeterThread: Stopping because end time detected by thread: Load Test Thread Group 1-10
2025-12-30 14:45:54,302 INFO o.a.j.t.JMeterThread: Thread finished: Load Test Thread Group 1-10
2025-12-30 14:45:55,114 INFO o.a.j.t.JMeterThread: Stopping because end time detected by thread: Load Test Thread Group 1-45
2025-12-30 14:45:55,115 INFO o.a.j.t.JMeterThread: Thread finished: Load Test Thread Group 1-45
2025-12-30 14:45:55,129 INFO o.a.j.t.JMeterThread: Stopping because end time detected by thread: Load Test Thread Group 1-39
2025-12-30 14:45:55,130 INFO o.a.j.t.JMeterThread: Thread finished: Load Test Thread Group 1-39
2025-12-30 14:45:55,505 INFO o.a.j.t.JMeterThread: Stopping because end time detected by thread: Load Test Thread Group 1-47
2025-12-30 14:45:55,506 INFO o.a.j.t.JMeterThread: Thread finished: Load Test Thread Group 1-47
2025-12-30 14:45:55,545 INFO o.a.j.t.JMeterThread: Stopping because end time detected by thread: Load Test Thread Group 1-46
2025-12-30 14:45:55,545 INFO o.a.j.t.JMeterThread: Thread finished: Load Test Thread Group 1-46
2025-12-30 14:45:55,580 INFO o.a.j.t.JMeterThread: Stopping because end time detected by thread: Load Test Thread Group 1-48
2025-12-30 14:45:55,581 INFO o.a.j.t.JMeterThread: Thread finished: Load Test Thread Group 1-48
2025-12-30 14:45:56,506 INFO o.a.j.t.JMeterThread: Stopping because end time detected by thread: Load Test Thread Group 1-50
2025-12-30 14:45:56,507 INFO o.a.j.t.JMeterThread: Thread finished: Load Test Thread Group 1-50
2025-12-30 14:45:56,521 INFO o.a.j.t.JMeterThread: Stopping because end time detected by thread: Load Test Thread Group 1-49
2025-12-30 14:45:56,522 INFO o.a.j.t.JMeterThread: Thread finished: Load Test Thread Group 1-49
2025-12-30 14:45:57,004 INFO o.a.j.t.JMeterThread: Stopping because end time detected by thread: Load Test Thread Group 1-12
2025-12-30 14:45:57,004 INFO o.a.j.t.JMeterThread: Thread finished: Load Test Thread Group 1-12
2025-12-30 14:45:57,135 INFO o.a.j.t.JMeterThread: Stopping because end time detected by thread: Load Test Thread Group 1-15
2025-12-30 14:45:57,135 INFO o.a.j.t.JMeterThread: Thread finished: Load Test Thread Group 1-15
2025-12-30 14:45:57,584 INFO o.a.j.t.JMeterThread: Stopping because end time detected by thread: Load Test Thread Group 1-13
2025-12-30 14:45:57,585 INFO o.a.j.t.JMeterThread: Thread finished: Load Test Thread Group 1-13
2025-12-30 14:45:57,754 INFO o.a.j.t.JMeterThread: Stopping because end time detected by thread: Load Test Thread Group 1-16
2025-12-30 14:45:57,755 INFO o.a.j.t.JMeterThread: Thread finished: Load Test Thread Group 1-16
2025-12-30 14:45:57,811 INFO o.a.j.t.JMeterThread: Stopping because end time detected by thread: Load Test Thread Group 1-17
2025-12-30 14:45:57,813 INFO o.a.j.t.JMeterThread: Thread finished: Load Test Thread Group 1-17
2025-12-30 14:45:58,104 INFO o.a.j.t.JMeterThread: Stopping because end time detected by thread: Load Test Thread Group 1-19
2025-12-30 14:45:58,104 INFO o.a.j.t.JMeterThread: Thread finished: Load Test Thread Group 1-19
2025-12-30 14:45:58,216 INFO o.a.j.t.JMeterThread: Stopping because end time detected by thread: Load Test Thread Group 1-14
2025-12-30 14:45:58,216 INFO o.a.j.t.JMeterThread: Thread finished: Load Test Thread Group 1-14
2025-12-30 14:45:58,259 INFO o.a.j.t.JMeterThread: Stopping because end time detected by thread: Load Test Thread Group 1-18
2025-12-30 14:45:58,259 INFO o.a.j.t.JMeterThread: Thread finished: Load Test Thread Group 1-18
2025-12-30 14:46:05,631 INFO o.a.j.r.Summariser: summary +    130 in 00:00:35 =    3.7/s Avg: 12146 Min:     1 Max: 22450 Err:     0 (0.00%) Active: 18 Started: 50 Finished: 32
2025-12-30 14:46:05,635 INFO o.a.j.r.Summariser: summary =    355 in 00:01:17 =    4.6/s Avg:  8191 Min:     1 Max: 23393 Err:     0 (0.00%)
2025-12-30 14:46:05,637 INFO o.a.j.t.JMeterThread: Stopping because end time detected by thread: Load Test Thread Group 1-11
2025-12-30 14:46:05,638 INFO o.a.j.t.JMeterThread: Thread finished: Load Test Thread Group 1-11
2025-12-30 14:46:05,843 INFO o.a.j.t.JMeterThread: Stopping because end time detected by thread: Load Test Thread Group 1-20
2025-12-30 14:46:05,843 INFO o.a.j.t.JMeterThread: Thread finished: Load Test Thread Group 1-20
2025-12-30 14:46:06,152 INFO o.a.j.t.JMeterThread: Stopping because end time detected by thread: Load Test Thread Group 1-22
2025-12-30 14:46:06,153 INFO o.a.j.t.JMeterThread: Thread finished: Load Test Thread Group 1-22
2025-12-30 14:46:06,543 INFO o.a.j.t.JMeterThread: Stopping because end time detected by thread: Load Test Thread Group 1-25
2025-12-30 14:46:06,543 INFO o.a.j.t.JMeterThread: Thread finished: Load Test Thread Group 1-25
2025-12-30 14:46:07,144 INFO o.a.j.t.JMeterThread: Stopping because end time detected by thread: Load Test Thread Group 1-21
2025-12-30 14:46:07,145 INFO o.a.j.t.JMeterThread: Thread finished: Load Test Thread Group 1-21
2025-12-30 14:46:07,153 INFO o.a.j.t.JMeterThread: Stopping because end time detected by thread: Load Test Thread Group 1-23
2025-12-30 14:46:07,153 INFO o.a.j.t.JMeterThread: Thread finished: Load Test Thread Group 1-23
2025-12-30 14:46:07,156 INFO o.a.j.t.JMeterThread: Stopping because end time detected by thread: Load Test Thread Group 1-24
2025-12-30 14:46:07,157 INFO o.a.j.t.JMeterThread: Thread finished: Load Test Thread Group 1-24
2025-12-30 14:46:07,541 INFO o.a.j.t.JMeterThread: Stopping because end time detected by thread: Load Test Thread Group 1-29
2025-12-30 14:46:07,542 INFO o.a.j.t.JMeterThread: Thread finished: Load Test Thread Group 1-29
2025-12-30 14:46:07,544 INFO o.a.j.t.JMeterThread: Stopping because end time detected by thread: Load Test Thread Group 1-30
2025-12-30 14:46:07,545 INFO o.a.j.t.JMeterThread: Thread finished: Load Test Thread Group 1-30
2025-12-30 14:46:07,808 INFO o.a.j.t.JMeterThread: Stopping because end time detected by thread: Load Test Thread Group 1-28
2025-12-30 14:46:07,808 INFO o.a.j.t.JMeterThread: Thread finished: Load Test Thread Group 1-28
2025-12-30 14:46:08,755 INFO o.a.j.t.JMeterThread: Stopping because end time detected by thread: Load Test Thread Group 1-27
2025-12-30 14:46:08,755 INFO o.a.j.t.JMeterThread: Thread finished: Load Test Thread Group 1-27
2025-12-30 14:46:09,093 INFO o.a.j.t.JMeterThread: Stopping because end time detected by thread: Load Test Thread Group 1-31
2025-12-30 14:46:09,094 INFO o.a.j.t.JMeterThread: Thread finished: Load Test Thread Group 1-31
2025-12-30 14:46:09,394 INFO o.a.j.t.JMeterThread: Stopping because end time detected by thread: Load Test Thread Group 1-6
2025-12-30 14:46:09,394 INFO o.a.j.t.JMeterThread: Thread finished: Load Test Thread Group 1-6
2025-12-30 14:46:09,545 INFO o.a.j.t.JMeterThread: Stopping because end time detected by thread: Load Test Thread Group 1-26
2025-12-30 14:46:09,545 INFO o.a.j.t.JMeterThread: Thread finished: Load Test Thread Group 1-26
2025-12-30 14:46:09,708 INFO o.a.j.t.JMeterThread: Stopping because end time detected by thread: Load Test Thread Group 1-3
2025-12-30 14:46:09,708 INFO o.a.j.t.JMeterThread: Thread finished: Load Test Thread Group 1-3
2025-12-30 14:46:09,762 INFO o.a.j.t.JMeterThread: Stopping because end time detected by thread: Load Test Thread Group 1-32
2025-12-30 14:46:09,762 INFO o.a.j.t.JMeterThread: Thread finished: Load Test Thread Group 1-32
2025-12-30 14:46:09,780 INFO o.a.j.t.JMeterThread: Stopping because end time detected by thread: Load Test Thread Group 1-33
2025-12-30 14:46:09,780 INFO o.a.j.t.JMeterThread: Thread finished: Load Test Thread Group 1-33
2025-12-30 14:46:09,831 INFO o.a.j.t.JMeterThread: Stopping because end time detected by thread: Load Test Thread Group 1-35
2025-12-30 14:46:09,831 INFO o.a.j.t.JMeterThread: Thread finished: Load Test Thread Group 1-35
2025-12-30 14:46:09,832 INFO o.a.j.e.StandardJMeterEngine: Notifying test listeners of end of test
2025-12-30 14:46:09,838 INFO o.a.j.r.Summariser: summary +     17 in 00:00:04 =    4.0/s Avg: 22467 Min: 21713 Max: 23248 Err:     0 (0.00%) Active: 0 Started: 50 Finished: 50
2025-12-30 14:46:09,838 INFO o.a.j.r.Summariser: summary =    372 in 00:01:22 =    4.6/s Avg:  8844 Min:     1 Max: 23393 Err:     0 (0.00%)
2025-12-30 14:46:09,841 INFO o.a.j.JMeter: Generating Dashboard
2025-12-30 14:46:09,842 INFO o.a.j.r.d.ReportGenerator: Flushing result collector before report Generation
2025-12-30 14:46:09,896 INFO o.a.j.r.p.NormalizerSampleConsumer: Using format, 'ms', to parse timeStamp field
2025-12-30 14:46:10,229 INFO o.a.j.r.p.AbstractSampleConsumer: class org.apache.jmeter.report.processor.AggregateConsumer#stopProducing(): beginDate produced 0 samples
2025-12-30 14:46:10,229 INFO o.a.j.r.p.AbstractSampleConsumer: class org.apache.jmeter.report.processor.AggregateConsumer#stopProducing(): endDate produced 0 samples
2025-12-30 14:46:10,235 INFO o.a.j.r.p.AbstractSampleConsumer: class org.apache.jmeter.report.processor.ApdexSummaryConsumer#stopProducing(): apdexSummary produced 0 samples
2025-12-30 14:46:10,235 INFO o.a.j.r.p.AbstractSampleConsumer: class org.apache.jmeter.report.processor.RequestsSummaryConsumer#stopProducing(): requestsSummary produced 0 samples
2025-12-30 14:46:10,250 INFO o.a.j.r.p.AbstractSampleConsumer: class org.apache.jmeter.report.processor.StatisticsSummaryConsumer#stopProducing(): statisticsSummary produced 0 samples
2025-12-30 14:46:10,256 INFO o.a.j.r.p.AbstractSampleConsumer: class org.apache.jmeter.report.processor.Top5ErrorsBySamplerConsumer#stopProducing(): top5ErrorsBySampler produced 0 samples
2025-12-30 14:46:10,256 INFO o.a.j.r.p.AbstractSampleConsumer: class org.apache.jmeter.report.processor.ErrorsSummaryConsumer#stopProducing(): errorsSummary produced 0 samples
2025-12-30 14:46:10,256 INFO o.a.j.r.p.AbstractSampleConsumer: class org.apache.jmeter.report.processor.graph.impl.HitsPerSecondGraphConsumer#stopProducing(): hitsPerSecond produced 0 samples
2025-12-30 14:46:10,319 INFO o.a.j.r.p.AbstractSampleConsumer: class org.apache.jmeter.report.processor.graph.impl.LatencyVSRequestGraphConsumer#stopProducing(): latencyVsRequest produced 0 samples
2025-12-30 14:46:10,320 INFO o.a.j.r.p.AbstractSampleConsumer: class org.apache.jmeter.report.processor.graph.impl.SyntheticResponseTimeDistributionGraphConsumer#stopProducing(): syntheticResponseTimeDistribution produced 0 samples
2025-12-30 14:46:10,320 INFO o.a.j.r.p.AbstractSampleConsumer: class org.apache.jmeter.report.processor.graph.impl.BytesThroughputGraphConsumer#stopProducing(): bytesThroughputOverTime produced 0 samples
2025-12-30 14:46:10,320 INFO o.a.j.r.p.AbstractSampleConsumer: class org.apache.jmeter.report.processor.graph.impl.CodesPerSecondGraphConsumer#stopProducing(): codesPerSecond produced 0 samples
2025-12-30 14:46:10,339 INFO o.a.j.r.p.AbstractSampleConsumer: class org.apache.jmeter.report.processor.graph.impl.ResponseTimeVSRequestGraphConsumer#stopProducing(): responseTimeVsRequest produced 0 samples
2025-12-30 14:46:10,339 INFO o.a.j.r.p.AbstractSampleConsumer: class org.apache.jmeter.report.processor.FilterConsumer#stopProducing(): startIntervalControlerFilter produced 2604 samples
2025-12-30 14:46:10,339 INFO o.a.j.r.p.AbstractSampleConsumer: class org.apache.jmeter.report.processor.graph.impl.TotalTPSGraphConsumer#stopProducing(): totalTPS produced 0 samples
2025-12-30 14:46:10,339 INFO o.a.j.r.p.AbstractSampleConsumer: class org.apache.jmeter.report.processor.graph.impl.ActiveThreadsGraphConsumer#stopProducing(): activeThreadsOverTime produced 0 samples
2025-12-30 14:46:10,340 INFO o.a.j.r.p.AbstractSampleConsumer: class org.apache.jmeter.report.processor.graph.impl.TimeVSThreadGraphConsumer#stopProducing(): timeVsThreads produced 0 samples
2025-12-30 14:46:10,340 INFO o.a.j.r.p.AbstractSampleConsumer: class org.apache.jmeter.report.processor.graph.impl.ResponseTimeDistributionGraphConsumer#stopProducing(): responseTimeDistribution produced 0 samples
2025-12-30 14:46:10,341 INFO o.a.j.r.p.AbstractSampleConsumer: class org.apache.jmeter.report.processor.graph.impl.TransactionsPerSecondGraphConsumer#stopProducing(): transactionsPerSecond produced 0 samples
2025-12-30 14:46:10,341 INFO o.a.j.r.p.AbstractSampleConsumer: class org.apache.jmeter.report.processor.graph.impl.ResponseTimePercentilesGraphConsumer#stopProducing(): responseTimePercentiles produced 0 samples
2025-12-30 14:46:10,344 INFO o.a.j.r.p.AbstractSampleConsumer: class org.apache.jmeter.report.processor.graph.impl.ResponseTimePercentilesOverTimeGraphConsumer#stopProducing(): responseTimePercentilesOverTime produced 0 samples
2025-12-30 14:46:10,345 INFO o.a.j.r.p.AbstractSampleConsumer: class org.apache.jmeter.report.processor.graph.impl.ResponseTimeOverTimeGraphConsumer#stopProducing(): responseTimesOverTime produced 0 samples
2025-12-30 14:46:10,345 INFO o.a.j.r.p.AbstractSampleConsumer: class org.apache.jmeter.report.processor.graph.impl.ConnectTimeOverTimeGraphConsumer#stopProducing(): connectTimeOverTime produced 0 samples
2025-12-30 14:46:10,346 INFO o.a.j.r.p.AbstractSampleConsumer: class org.apache.jmeter.report.processor.graph.impl.LatencyOverTimeGraphConsumer#stopProducing(): latenciesOverTime produced 0 samples
2025-12-30 14:46:10,346 INFO o.a.j.r.p.AbstractSampleConsumer: class org.apache.jmeter.report.processor.FilterConsumer#stopProducing(): nameFilter produced 5580 samples
2025-12-30 14:46:10,346 INFO o.a.j.r.p.AbstractSampleConsumer: class org.apache.jmeter.report.processor.FilterConsumer#stopProducing(): dateRangeFilter produced 1116 samples
2025-12-30 14:46:10,346 INFO o.a.j.r.p.AbstractSampleConsumer: class org.apache.jmeter.report.processor.NormalizerSampleConsumer#stopProducing(): normalizer produced 372 samples
2025-12-30 14:46:10,347 INFO o.a.j.r.p.CsvFileSampleSource: produce(): 372 samples produced in 388ms on channel 0
2025-12-30 14:46:10,347 INFO o.a.j.r.d.ReportGenerator: Exporting data using exporter:'json' of className:'org.apache.jmeter.report.dashboard.JsonExporter'
2025-12-30 14:46:10,547 INFO o.a.j.r.d.JsonExporter: Found data for consumer statisticsSummary in context
2025-12-30 14:46:10,547 INFO o.a.j.r.d.JsonExporter: Creating statistics for overall
2025-12-30 14:46:10,548 INFO o.a.j.r.d.JsonExporter: Creating statistics for other transactions
2025-12-30 14:46:10,549 INFO o.a.j.r.d.JsonExporter: Checking output folder
2025-12-30 14:46:10,550 INFO o.a.j.r.d.JsonExporter: Writing statistics JSON to C:\work\source\java\s5-netology-threading\report\statistics.json
2025-12-30 14:46:10,658 INFO o.a.j.r.d.ReportGenerator: Exporting data using exporter:'html' of className:'org.apache.jmeter.report.dashboard.HtmlTemplateExporter'
2025-12-30 14:46:10,665 INFO o.a.j.r.d.HtmlTemplateExporter: Will generate dashboard in folder: C:\work\source\java\s5-netology-threading\report
2025-12-30 14:46:10,942 INFO o.a.j.r.d.HtmlTemplateExporter: Report will be generated in: C:\work\source\java\s5-netology-threading\report, creating folder structure
2025-12-30 14:46:10,951 INFO o.a.j.r.d.TemplateVisitor: Copying folder from 'C:\work\tools\apache-jmeter-5.6.3\bin\report-template' to 'C:\work\source\java\s5-netology-threading\report', got message: C:\work\source\java\s5-netology-threading\report, found non empty folder with following content [C:\work\source\java\s5-netology-threading\report\statistics.json], will be ignored
2025-12-30 14:46:11,984 INFO o.a.j.JMeter: Dashboard generated
